z:\archlinux主機\source\lwext4-demo\lwext4 example\lwext4_build\lwext4\cmakefiles\generate.stamp
z:\archlinux主機\source\lwext4-demo\lwext4 example\lwext4_build\lwext4\lwext4.dir\release\ext4_trans.obj
z:\archlinux主機\source\lwext4-demo\lwext4 example\lwext4_build\lwext4\lwext4.dir\release\ext4_super.obj
z:\archlinux主機\source\lwext4-demo\lwext4 example\lwext4_build\lwext4\lwext4.dir\release\ext4_mkfs.obj
z:\archlinux主機\source\lwext4-demo\lwext4 example\lwext4_build\lwext4\lwext4.dir\release\ext4_mbr.obj
z:\archlinux主機\source\lwext4-demo\lwext4 example\lwext4_build\lwext4\lwext4.dir\release\ext4_journal.obj
z:\archlinux主機\source\lwext4-demo\lwext4 example\lwext4_build\lwext4\lwext4.dir\release\ext4_inode.obj
z:\archlinux主機\source\lwext4-demo\lwext4 example\lwext4_build\lwext4\lwext4.dir\release\ext4_ialloc.obj
z:\archlinux主機\source\lwext4-demo\lwext4 example\lwext4_build\lwext4\lwext4.dir\release\ext4_hash.obj
z:\archlinux主機\source\lwext4-demo\lwext4 example\lwext4_build\lwext4\lwext4.dir\release\ext4_fs.obj
z:\archlinux主機\source\lwext4-demo\lwext4 example\lwext4_build\lwext4\lwext4.dir\release\ext4_extent.obj
z:\archlinux主機\source\lwext4-demo\lwext4 example\lwext4_build\lwext4\lwext4.dir\release\ext4_dir_idx.obj
z:\archlinux主機\source\lwext4-demo\lwext4 example\lwext4_build\lwext4\lwext4.dir\release\ext4_dir.obj
z:\archlinux主機\source\lwext4-demo\lwext4 example\lwext4_build\lwext4\lwext4.dir\release\ext4_debug.obj
z:\archlinux主機\source\lwext4-demo\lwext4 example\lwext4_build\lwext4\lwext4.dir\release\ext4_crc32.obj
z:\archlinux主機\source\lwext4-demo\lwext4 example\lwext4_build\lwext4\lwext4.dir\release\ext4_blockdev.obj
z:\archlinux主機\source\lwext4-demo\lwext4 example\lwext4_build\lwext4\lwext4.dir\release\ext4_block_group.obj
z:\archlinux主機\source\lwext4-demo\lwext4 example\lwext4_build\lwext4\lwext4.dir\release\ext4_bitmap.obj
z:\archlinux主機\source\lwext4-demo\lwext4 example\lwext4_build\lwext4\lwext4.dir\release\ext4_bcache.obj
z:\archlinux主機\source\lwext4-demo\lwext4 example\lwext4_build\lwext4\lwext4.dir\release\ext4_balloc.obj
z:\archlinux主機\source\lwext4-demo\lwext4 example\lwext4_build\lwext4\lwext4.dir\release\ext4.obj
z:\archlinux主機\source\lwext4-demo\lwext4 example\lwext4_build\lwext4\lwext4.dir\release\ext4_xattr.obj
z:\archlinux主機\source\lwext4-demo\lwext4 example\lwext4_build\lwext4\release\lwext4.lib
z:\archlinux主機\source\lwext4-demo\lwext4 example\lwext4_build\lwext4\lwext4.dir\release\lwext4.tlog\custombuild.write.1.tlog
z:\archlinux主機\source\lwext4-demo\lwext4 example\lwext4_build\lwext4\lwext4.dir\release\lwext4.tlog\custombuild.read.1.tlog
z:\archlinux主機\source\lwext4-demo\lwext4 example\lwext4_build\lwext4\lwext4.dir\release\lwext4.tlog\custombuild.command.1.tlog
z:\archlinux主機\source\lwext4-demo\lwext4 example\lwext4_build\lwext4\lwext4.dir\release\lwext4.tlog\cl.read.1.tlog
z:\archlinux主機\source\lwext4-demo\lwext4 example\lwext4_build\lwext4\lwext4.dir\release\lwext4.tlog\cl.write.1.tlog
z:\archlinux主機\source\lwext4-demo\lwext4 example\lwext4_build\lwext4\lwext4.dir\release\lwext4.tlog\cl.command.1.tlog
z:\archlinux主機\source\lwext4-demo\lwext4 example\lwext4_build\lwext4\lwext4.dir\release\lwext4.tlog\lib-link.read.1.tlog
z:\archlinux主機\source\lwext4-demo\lwext4 example\lwext4_build\lwext4\lwext4.dir\release\lwext4.tlog\lib-link.write.1.tlog
z:\archlinux主機\source\lwext4-demo\lwext4 example\lwext4_build\lwext4\lwext4.dir\release\lwext4.tlog\lib.command.1.tlog
